<?xml version="1.0" encoding="UTF-8"?>
<testng-results skipped="0" failed="0" ignored="0" total="1" passed="1">
  <reporter-output>
  </reporter-output>
  <suite name="Command line suite" duration-ms="5" started-at="2019-08-05T17:24:42Z" finished-at="2019-08-05T17:24:42Z">
    <groups>
    </groups>
    <test name="Command line test" duration-ms="5" started-at="2019-08-05T17:24:42Z" finished-at="2019-08-05T17:24:42Z">
      <class name="shoppingId.shoppingId.AppTest">
        <test-method status="PASS" signature="testApp()[pri:0, instance:testApp(shoppingId.shoppingId.AppTest)]" name="testApp" duration-ms="0" started-at="2019-08-05T17:24:42Z" finished-at="2019-08-05T17:24:42Z">
          <reporter-output>
          </reporter-output>
        </test-method> <!-- testApp -->
      </class> <!-- shoppingId.shoppingId.AppTest -->
    </test> <!-- Command line test -->
  </suite> <!-- Command line suite -->
</testng-results>
